2025-07-23 21:07:30 - INFO - === Logger initialized successfully ===
2025-07-23 21:07:30 - INFO - Log file: logs/trading_bot.log
2025-07-23 21:07:30 - INFO - Log level: INFO
2025-07-23 21:07:31 - INFO - === Starting Crypto Futures Trading Bot ===
2025-07-23 21:07:31 - INFO - Configuration loaded successfully
2025-07-23 21:07:31 - INFO - Trading instruments: 11
2025-07-23 21:07:31 - INFO - Initial balance: 10000 INR
2025-07-23 21:07:31 - INFO - CoinDCXFetcher initialized with public_base_url: https://public.coindcx.com, api_base_url: https://api.coindcx.com
2025-07-23 21:07:31 - INFO - CoinDCXFetcher initialized with public_base_url: https://public.coindcx.com, api_base_url: https://api.coindcx.com
2025-07-23 21:07:31 - INFO - CoinDCXFetcher initialized with public_base_url: https://public.coindcx.com, api_base_url: https://api.coindcx.com
2025-07-23 21:07:31 - INFO - CoinDCXFetcher initialized with public_base_url: https://public.coindcx.com, api_base_url: https://api.coindcx.com
2025-07-23 21:07:31 - INFO - CoinDCXFetcher initialized with public_base_url: https://public.coindcx.com, api_base_url: https://api.coindcx.com
2025-07-23 21:07:31 - INFO - CoinDCXFetcher initialized with public_base_url: https://public.coindcx.com, api_base_url: https://api.coindcx.com
2025-07-23 21:07:31 - INFO - StrategyManager initialized with all strategies
2025-07-23 21:07:31 - INFO - CoinDCXFetcher initialized with public_base_url: https://public.coindcx.com, api_base_url: https://api.coindcx.com
2025-07-23 21:07:31 - INFO - EnhancedSignalGenerator initialized
2025-07-23 21:07:32 - INFO - CoinDCXFetcher initialized with public_base_url: https://public.coindcx.com, api_base_url: https://api.coindcx.com
2025-07-23 21:07:32 - INFO - SignalMonitor initialized
2025-07-23 21:07:32 - INFO - Trade executor initialized
2025-07-23 21:07:32 - INFO - Generating trading signals...
2025-07-23 21:07:32 - INFO - === GENERATING ENTRY SIGNALS (TOP MOVERS, MIXED STRATEGY) ===
2025-07-23 21:07:32 - INFO - Fetching top 40 movers by 24h %% change from CoinDCX with volume filter...
2025-07-23 21:07:32 - INFO - Filtered to 27 top movers that are active instruments
2025-07-23 21:07:32 - INFO - Found 27 top movers to analyze (min_volume=100000)
2025-07-23 21:07:48 - INFO - Selected 15 symbols with high ATR% (max of 15m/30m/1h) and volume for signal generation.
2025-07-23 21:07:48 - INFO - CoinDCXFetcher initialized with public_base_url: https://public.coindcx.com, api_base_url: https://api.coindcx.com
2025-07-23 21:07:49 - INFO - CoinDCXFetcher initialized with public_base_url: https://public.coindcx.com, api_base_url: https://api.coindcx.com
2025-07-23 21:07:49 - INFO - CoinDCXFetcher initialized with public_base_url: https://public.coindcx.com, api_base_url: https://api.coindcx.com
2025-07-23 21:07:49 - INFO - CoinDCXFetcher initialized with public_base_url: https://public.coindcx.com, api_base_url: https://api.coindcx.com
2025-07-23 21:07:49 - INFO - CoinDCXFetcher initialized with public_base_url: https://public.coindcx.com, api_base_url: https://api.coindcx.com
2025-07-23 21:07:49 - INFO - CoinDCXFetcher initialized with public_base_url: https://public.coindcx.com, api_base_url: https://api.coindcx.com
2025-07-23 21:07:49 - INFO - CoinDCXFetcher initialized with public_base_url: https://public.coindcx.com, api_base_url: https://api.coindcx.com
2025-07-23 21:07:49 - INFO - CoinDCXFetcher initialized with public_base_url: https://public.coindcx.com, api_base_url: https://api.coindcx.com
2025-07-23 21:08:02 - INFO - [Scalping] Generated STRONG signal (score 9/9): {'symbol': 'B-PIPPIN_USDT', 'timeframe': '5m', 'strategy': 'scalping', 'direction': 'TradeDirection.SHORT', 'entry_price': 0.01945, 'stop_loss': 0.019741749999999995, 'take_profit': 0.019158249999999998, 'tp1': 0.019158249999999998, 'tp2': 0.019158249999999998, 'max_hold_time': 2, 'score': 11, 'score_max': 17, 'score_reasons': ['EMA20 < EMA50 (clear trend)', 'Price < EMA20', 'RSI optimal bearish (35-55)', 'MACD negative + momentum', 'Volume > average', 'Price < VWAP', 'ADX > 25 and DI- > DI+', 'Price < EMA100', 'OBV falling', 'CCI < -100 (bearish)', 'Momentum Oscillator negative (bearish)'], 'indicators': {'rsi': 35.0000000000001, 'ema_20': 0.01970060411105248, 'ema_50': 0.019763062905938503, 'macd': -1.818545039441316e-05, 'bollinger_upper': 0.02022094839025641, 'bollinger_lower': 0.01945105160974359, 'vwap_daily': 0.022970978057037284, 'volume_ok': True, 'stoch_rsi_k': 0.04346758634948137, 'stoch_rsi_d': 0.055380498696327184, 'atr': 0.00022214285714285676, 'multi_timeframe_trend': 'weak_bullish', 'trend_strength': 0.5, 'ema_100': 0.020253494824915636, 'supertrend': {'supertrend': 0.017592000000000003, 'in_uptrend': True}, 'adx': {'adx': 40.08022960135569, 'di_plus': 8.681672025723469, 'di_minus': 35.36977491961411}, 'obv': -2064707584.0, 'cci': -198.08047249907568, 'momentum_osc': -0.0002999999999999982, 'keltner_upper': 0.020222704781996018, 'keltner_lower': 0.019194704781996016, 'fib_levels': {'0.0%': 0.02053, '23.6%': 0.02021848, '38.2%': 0.02002576, '50.0%': 0.01987, '61.8%': 0.01971424, '78.6%': 0.01949248, '100.0%': 0.01921}}, 'timestamp': '2025-07-23T21:08:02.336756+05:30', 'estimated_profit_inr': 1000.0, 'confidence': 0.75, 'quality_score': 190.0, 'normalized_score': 82.6086956521739, 'side': 'short', 'bonus_score': 2, 'bonus_reasons': ['CCI < -100 (bearish)', 'Momentum Oscillator negative (bearish)']}
2025-07-23 21:08:07 - INFO - CoinDCXFetcher initialized with public_base_url: https://public.coindcx.com, api_base_url: https://api.coindcx.com
2025-07-23 21:08:18 - INFO - [Scalping] Generated signal (score 7/9): {'symbol': 'B-CFX_USDT', 'timeframe': '5m', 'strategy': 'scalping', 'direction': 'TradeDirection.LONG', 'entry_price': 0.17557, 'stop_loss': 0.17293645, 'take_profit': 0.17820355, 'tp1': 0.17820355, 'tp2': 0.17820355, 'max_hold_time': 2, 'score': 9, 'score_max': 17, 'score_reasons': ['Price > EMA20', 'MACD positive + momentum', 'Not overbought (StochRSI < 80)', 'Supertrend uptrend', 'ADX > 25 and DI+ > DI-', 'Price > EMA100', 'OBV rising', 'CCI > 100 (bullish)', 'Momentum Oscillator positive (bullish)'], 'indicators': {'rsi': 70.12658227848095, 'ema_20': 0.1716560531589259, 'ema_50': 0.17239710109000436, 'macd': 0.0007787985808400122, 'bollinger_upper': 0.17548193448956942, 'bollinger_lower': 0.16540506551043058, 'vwap_daily': 0.1925761181401116, 'volume_ok': False, 'stoch_rsi_k': 0.9813081440269183, 'stoch_rsi_d': 0.973637126678928, 'atr': 0.0021592857142857147, 'multi_timeframe_trend': 'neutral', 'trend_strength': 0.75, 'ema_100': 0.17357828059322955, 'supertrend': {'supertrend': 0.15672499999999995, 'in_uptrend': True}, 'adx': {'adx': 62.96436463784975, 'di_plus': 37.54548461792929, 'di_minus': 4.796559708898559}, 'obv': 625769003.0, 'cci': 188.29151281058384, 'momentum_osc': 0.006369999999999987, 'keltner_upper': 0.17575707744949598, 'keltner_lower': 0.167343077449496, 'fib_levels': {'0.0%': 0.17656, '23.6%': 0.17382004, '38.2%': 0.17212498, '50.0%': 0.170755, '61.8%': 0.16938502, '78.6%': 0.16743454000000002, '100.0%': 0.16495}}, 'timestamp': '2025-07-23T21:08:18.525047+05:30', 'estimated_profit_inr': 1000.0, 'confidence': 0.8125, 'quality_score': 188.75, 'normalized_score': 82.06521739130434, 'side': 'long', 'bonus_score': 2, 'bonus_reasons': ['CCI > 100 (bullish)', 'Momentum Oscillator positive (bullish)']}
2025-07-23 21:08:18 - INFO - [Scalping] Generated STRONG signal (score 8/9): {'symbol': 'B-VOXEL_USDT', 'timeframe': '5m', 'strategy': 'scalping', 'direction': 'TradeDirection.SHORT', 'entry_price': 0.06113, 'stop_loss': 0.06204694999999999, 'take_profit': 0.06021305, 'tp1': 0.06021305, 'tp2': 0.06021305, 'max_hold_time': 2, 'score': 10, 'score_max': 17, 'score_reasons': ['EMA20 < EMA50 (clear trend)', 'Price < EMA20', 'RSI optimal bearish (35-55)', 'MACD negative + momentum', 'Price < VWAP', 'Multi-timeframe trend bearish', 'Price < EMA100', 'Multi-timeframe trend bearish', 'Momentum Oscillator positive (bullish)', 'Entry near Fib 38.2% level'], 'indicators': {'rsi': 47.960618846694764, 'ema_20': 0.06146554520034143, 'ema_50': 0.06338288081237523, 'macd': -0.000689417315374849, 'bollinger_upper': 0.06224811465415958, 'bollinger_lower': 0.05949188534584042, 'vwap_daily': 0.0629617383388186, 'volume_ok': False, 'stoch_rsi_k': 0.8090609644934674, 'stoch_rsi_d': 0.9072681510828425, 'atr': 0.0007749999999999999, 'multi_timeframe_trend': 'bearish', 'trend_strength': 0.7000000000000001, 'ema_100': 0.06468439125331801, 'supertrend': {'supertrend': 0.053345000000000004, 'in_uptrend': True}, 'adx': {'adx': 41.66015088980901, 'di_plus': 26.54377880184333, 'di_minus': 22.02764976958535}, 'obv': 11828027.0, 'cci': 45.053103441184334, 'momentum_osc': 0.0006399999999999947, 'keltner_upper': 0.06327139352815848, 'keltner_lower': 0.05969339352815849, 'fib_levels': {'0.0%': 0.06273, '23.6%': 0.06181196, '38.2%': 0.061244019999999996, '50.0%': 0.060785, '61.8%': 0.06032598, '78.6%': 0.059672460000000004, '100.0%': 0.05884}}, 'timestamp': '2025-07-23T21:08:18.970050+05:30', 'estimated_profit_inr': 1000.0, 'confidence': 0.8500000000000001, 'quality_score': 200.0, 'normalized_score': 86.95652173913044, 'side': 'short', 'bonus_score': 2, 'bonus_reasons': ['Momentum Oscillator positive (bullish)', 'Entry near Fib 38.2% level']}
2025-07-23 21:08:19 - INFO - CoinDCXFetcher initialized with public_base_url: https://public.coindcx.com, api_base_url: https://api.coindcx.com
2025-07-23 21:08:19 - INFO - CoinDCXFetcher initialized with public_base_url: https://public.coindcx.com, api_base_url: https://api.coindcx.com
2025-07-23 21:08:19 - INFO - [Scalping] Generated STRONG signal (score 9/9): {'symbol': 'B-OP_USDT', 'timeframe': '5m', 'strategy': 'scalping', 'direction': 'TradeDirection.SHORT', 'entry_price': 0.719, 'stop_loss': 0.7297849999999999, 'take_profit': 0.7082149999999999, 'tp1': 0.7082149999999999, 'tp2': 0.7082149999999999, 'max_hold_time': 2, 'score': 12, 'score_max': 17, 'score_reasons': ['EMA20 < EMA50 (clear trend)', 'Price < EMA20', 'RSI optimal bearish (35-55)', 'MACD negative + momentum', 'Price < VWAP', 'Multi-timeframe trend bearish', 'Price < EMA100', 'OBV falling', 'Multi-timeframe trend bearish', 'Momentum Oscillator negative (bearish)', 'Entry near Fib 38.2% level', 'Entry near Fib 61.8% level'], 'indicators': {'rsi': 38.29787234042549, 'ema_20': 0.7220272592134099, 'ema_50': 0.7315279807803238, 'macd': -0.003743835903099013, 'bollinger_upper': 0.7274249402286588, 'bollinger_lower': 0.7147450597713414, 'vwap_daily': 0.770886505432925, 'volume_ok': False, 'stoch_rsi_k': 0.08923920030437638, 'stoch_rsi_d': 0.2683689456098331, 'atr': 0.004321428571428564, 'multi_timeframe_trend': 'bearish', 'trend_strength': 0.7000000000000001, 'ema_100': 0.7444422253885269, 'supertrend': {'supertrend': 0.68257, 'in_uptrend': True}, 'adx': {'adx': 24.196150617045145, 'di_plus': 14.380165289255926, 'di_minus': 28.760330578512583}, 'obv': -25900712.200000208, 'cci': -55.24861878453101, 'momentum_osc': -0.0010999999999999899, 'keltner_upper': 0.731997006725981, 'keltner_lower': 0.712297006725981, 'fib_levels': {'0.0%': 0.7271, '23.6%': 0.7237252, '38.2%': 0.7216374, '50.0%': 0.71995, '61.8%': 0.7182626, '78.6%': 0.7158602, '100.0%': 0.7128}}, 'timestamp': '2025-07-23T21:08:19.474957+05:30', 'estimated_profit_inr': 1000.0, 'confidence': 0.8500000000000001, 'quality_score': 210.0, 'normalized_score': 91.30434782608695, 'side': 'short', 'bonus_score': 3, 'bonus_reasons': ['Momentum Oscillator negative (bearish)', 'Entry near Fib 38.2% level', 'Entry near Fib 61.8% level']}
2025-07-23 21:08:19 - INFO - [Scalping] Generated signal (score 7/9): {'symbol': 'B-ARB_USDT', 'timeframe': '5m', 'strategy': 'scalping', 'direction': 'TradeDirection.SHORT', 'entry_price': 0.4403, 'stop_loss': 0.4469045, 'take_profit': 0.4336955, 'tp1': 0.4336955, 'tp2': 0.4336955, 'max_hold_time': 2, 'score': 9, 'score_max': 17, 'score_reasons': ['EMA20 < EMA50 (clear trend)', 'Price < EMA20', 'RSI optimal bearish (35-55)', 'MACD negative + momentum', 'Price < VWAP', 'Price < EMA100', 'OBV falling', 'Momentum Oscillator positive (bullish)', 'Entry near Fib 38.2% level'], 'indicators': {'rsi': 45.67901234567914, 'ema_20': 0.44031183473531277, 'ema_50': 0.4448283818554283, 'macd': -0.0013673247875218286, 'bollinger_upper': 0.4429615018740724, 'bollinger_lower': 0.43657849812592747, 'vwap_daily': 0.4718590492229047, 'volume_ok': False, 'stoch_rsi_k': 0.23373884640383288, 'stoch_rsi_d': 0.3402048529446811, 'atr': 0.0023285714285714337, 'multi_timeframe_trend': 'weak_bearish', 'trend_strength': 0.5750000000000001, 'ema_100': 0.45144629551858795, 'supertrend': {'supertrend': 0.4196599999999999, 'in_uptrend': True}, 'adx': {'adx': 21.98382040574429, 'di_plus': 16.871165644171587, 'di_minus': 21.779141104294418}, 'obv': -39362797.299999855, 'cci': 31.513537505551824, 'momentum_osc': 0.0011000000000000454, 'keltner_upper': 0.446003002566546, 'keltner_lower': 0.434683002566546, 'fib_levels': {'0.0%': 0.443, '23.6%': 0.4406872, '38.2%': 0.4392564, '50.0%': 0.4381, '61.8%': 0.4369436, '78.6%': 0.4352972, '100.0%': 0.4332}}, 'timestamp': '2025-07-23T21:08:19.484715+05:30', 'estimated_profit_inr': 1000.0, 'confidence': 0.7250000000000001, 'quality_score': 171.25, 'normalized_score': 74.45652173913044, 'side': 'short', 'bonus_score': 2, 'bonus_reasons': ['Momentum Oscillator positive (bullish)', 'Entry near Fib 38.2% level']}
2025-07-23 21:08:19 - INFO - [Scalping] Generated signal (score 7/9): {'symbol': 'B-SYN_USDT', 'timeframe': '5m', 'strategy': 'scalping', 'direction': 'TradeDirection.SHORT', 'entry_price': 0.1649, 'stop_loss': 0.16737349999999998, 'take_profit': 0.1624265, 'tp1': 0.1624265, 'tp2': 0.1624265, 'max_hold_time': 2, 'score': 9, 'score_max': 17, 'score_reasons': ['EMA20 < EMA50 (clear trend)', 'Price < EMA20', 'RSI optimal bearish (35-55)', 'MACD negative + momentum', 'Price < VWAP', 'Price < EMA100', 'OBV falling', 'Momentum Oscillator positive (bullish)', 'Entry near Fib 38.2% level'], 'indicators': {'rsi': 49.23076923076931, 'ema_20': 0.16605100168971848, 'ema_50': 0.17133085622337418, 'macd': -0.001825308839635359, 'bollinger_upper': 0.166679673514908, 'bollinger_lower': 0.16325032648509194, 'vwap_daily': 0.1800874562644213, 'volume_ok': False, 'stoch_rsi_k': 0.5746118639582003, 'stoch_rsi_d': 0.6712438427293717, 'atr': 0.0017499999999999977, 'multi_timeframe_trend': 'weak_bearish', 'trend_strength': 0.5750000000000001, 'ema_100': 0.17673472160280929, 'supertrend': {'supertrend': 0.15353999999999998, 'in_uptrend': True}, 'adx': {'adx': 24.687580272028146, 'di_plus': 14.285714285714542, 'di_minus': 12.653061224489779}, 'obv': -16772235.0, 'cci': 18.432338717038196, 'momentum_osc': 0.00040000000000001146, 'keltner_upper': 0.17014917130451673, 'keltner_lower': 0.16206917130451676, 'fib_levels': {'0.0%': 0.167, '23.6%': 0.1656076, '38.2%': 0.1647462, '50.0%': 0.16405, '61.8%': 0.1633538, '78.6%': 0.1623626, '100.0%': 0.1611}}, 'timestamp': '2025-07-23T21:08:19.527424+05:30', 'estimated_profit_inr': 1000.0, 'confidence': 0.7250000000000001, 'quality_score': 171.25, 'normalized_score': 74.45652173913044, 'side': 'short', 'bonus_score': 2, 'bonus_reasons': ['Momentum Oscillator positive (bullish)', 'Entry near Fib 38.2% level']}
2025-07-23 21:08:19 - INFO - [Scalping] Generated STRONG signal (score 9/9): {'symbol': 'B-VIRTUAL_USDT', 'timeframe': '5m', 'strategy': 'scalping', 'direction': 'TradeDirection.SHORT', 'entry_price': 1.7434, 'stop_loss': 1.7695509999999999, 'take_profit': 1.717249, 'tp1': 1.717249, 'tp2': 1.717249, 'max_hold_time': 2, 'score': 12, 'score_max': 17, 'score_reasons': ['EMA20 < EMA50 (clear trend)', 'Price < EMA20', 'RSI optimal bearish (35-55)', 'MACD negative + momentum', 'Price < VWAP', 'Multi-timeframe trend bearish', 'Price < EMA100', 'OBV falling', 'Multi-timeframe trend bearish', 'Momentum Oscillator positive (bullish)', 'Entry near Fib 38.2% level', 'Entry near Fib 61.8% level'], 'indicators': {'rsi': 39.23739237392388, 'ema_20': 1.7496296785310346, 'ema_50': 1.7746699874315572, 'macd': -0.00985800568351558, 'bollinger_upper': 1.7639651086779462, 'bollinger_lower': 1.730984891322054, 'vwap_daily': 1.8328825865844383, 'volume_ok': False, 'stoch_rsi_k': 0.16204163812979389, 'stoch_rsi_d': 0.29370475552732794, 'atr': 0.010714285714285723, 'multi_timeframe_trend': 'strong_bearish', 'trend_strength': 1.0, 'ema_100': 1.806045739324022, 'supertrend': {'supertrend': 1.65461, 'in_uptrend': True}, 'adx': {'adx': 23.78578602183137, 'di_plus': 12.466666666666764, 'di_minus': 22.733333333333327}, 'obv': -24323696.000000022, 'cci': -39.338220566442985, 'momentum_osc': 0.0015000000000000568, 'keltner_upper': 1.7752663771929058, 'keltner_lower': 1.7243263771929056, 'fib_levels': {'0.0%': 1.7641, '23.6%': 1.7555096000000001, '38.2%': 1.7501952, '50.0%': 1.7459, '61.8%': 1.7416048, '78.6%': 1.7354896, '100.0%': 1.7277}}, 'timestamp': '2025-07-23T21:08:19.551896+05:30', 'estimated_profit_inr': 1000.0, 'confidence': 1.0, 'quality_score': 240.0, 'normalized_score': 100, 'side': 'short', 'bonus_score': 3, 'bonus_reasons': ['Momentum Oscillator positive (bullish)', 'Entry near Fib 38.2% level', 'Entry near Fib 61.8% level']}
2025-07-23 21:08:19 - INFO - CoinDCXFetcher initialized with public_base_url: https://public.coindcx.com, api_base_url: https://api.coindcx.com
2025-07-23 21:08:19 - INFO - CoinDCXFetcher initialized with public_base_url: https://public.coindcx.com, api_base_url: https://api.coindcx.com
2025-07-23 21:08:19 - INFO - CoinDCXFetcher initialized with public_base_url: https://public.coindcx.com, api_base_url: https://api.coindcx.com
2025-07-23 21:08:20 - INFO - CoinDCXFetcher initialized with public_base_url: https://public.coindcx.com, api_base_url: https://api.coindcx.com
2025-07-23 21:08:20 - INFO - CoinDCXFetcher initialized with public_base_url: https://public.coindcx.com, api_base_url: https://api.coindcx.com
2025-07-23 21:08:21 - INFO - CoinDCXFetcher initialized with public_base_url: https://public.coindcx.com, api_base_url: https://api.coindcx.com
2025-07-23 21:08:25 - INFO - CoinDCXFetcher initialized with public_base_url: https://public.coindcx.com, api_base_url: https://api.coindcx.com
2025-07-23 21:08:26 - INFO - CoinDCXFetcher initialized with public_base_url: https://public.coindcx.com, api_base_url: https://api.coindcx.com
2025-07-23 21:08:27 - INFO - CoinDCXFetcher initialized with public_base_url: https://public.coindcx.com, api_base_url: https://api.coindcx.com
2025-07-23 21:08:29 - INFO - CoinDCXFetcher initialized with public_base_url: https://public.coindcx.com, api_base_url: https://api.coindcx.com
2025-07-23 21:08:30 - INFO - CoinDCXFetcher initialized with public_base_url: https://public.coindcx.com, api_base_url: https://api.coindcx.com
2025-07-23 21:08:30 - INFO - CoinDCXFetcher initialized with public_base_url: https://public.coindcx.com, api_base_url: https://api.coindcx.com
2025-07-23 21:08:30 - INFO - CoinDCXFetcher initialized with public_base_url: https://public.coindcx.com, api_base_url: https://api.coindcx.com
2025-07-23 21:08:42 - INFO - [Swing] Generated SHORT signal for B-PIPPIN_USDT on 5m - Score: 6/7, Confidence: 0.929, TP: 0.019148, SL: 0.019732
2025-07-23 21:08:43 - INFO - CoinDCXFetcher initialized with public_base_url: https://public.coindcx.com, api_base_url: https://api.coindcx.com
2025-07-23 21:08:47 - INFO - CoinDCXFetcher initialized with public_base_url: https://public.coindcx.com, api_base_url: https://api.coindcx.com
2025-07-23 21:08:49 - INFO - CoinDCXFetcher initialized with public_base_url: https://public.coindcx.com, api_base_url: https://api.coindcx.com
2025-07-23 21:08:50 - INFO - [Swing] Generated LONG signal for B-VOXEL_USDT on 5m - Score: 6/7, Confidence: 0.795, TP: 0.062128, SL: 0.060292
2025-07-23 21:08:52 - INFO - CoinDCXFetcher initialized with public_base_url: https://public.coindcx.com, api_base_url: https://api.coindcx.com
2025-07-23 21:08:56 - INFO - CoinDCXFetcher initialized with public_base_url: https://public.coindcx.com, api_base_url: https://api.coindcx.com
2025-07-23 21:08:59 - INFO - CoinDCXFetcher initialized with public_base_url: https://public.coindcx.com, api_base_url: https://api.coindcx.com
2025-07-23 21:09:00 - INFO - CoinDCXFetcher initialized with public_base_url: https://public.coindcx.com, api_base_url: https://api.coindcx.com
2025-07-23 21:09:00 - INFO - [Long Swing] Generated SHORT signal for B-PIPPIN_USDT on 30m - Score: 6/9, Confidence: 0.664, TP: 0.019168, SL: 0.019752
2025-07-23 21:09:00 - INFO - CoinDCXFetcher initialized with public_base_url: https://public.coindcx.com, api_base_url: https://api.coindcx.com
2025-07-23 21:09:00 - INFO - CoinDCXFetcher initialized with public_base_url: https://public.coindcx.com, api_base_url: https://api.coindcx.com
2025-07-23 21:09:01 - INFO - CoinDCXFetcher initialized with public_base_url: https://public.coindcx.com, api_base_url: https://api.coindcx.com
2025-07-23 21:09:02 - INFO - CoinDCXFetcher initialized with public_base_url: https://public.coindcx.com, api_base_url: https://api.coindcx.com
2025-07-23 21:09:02 - INFO - CoinDCXFetcher initialized with public_base_url: https://public.coindcx.com, api_base_url: https://api.coindcx.com
2025-07-23 21:09:02 - INFO - [Long Swing] Generated LONG signal for B-VOXEL_USDT on 30m - Score: 6/9, Confidence: 0.758, TP: 0.062179, SL: 0.060341
2025-07-23 21:09:03 - INFO - CoinDCXFetcher initialized with public_base_url: https://public.coindcx.com, api_base_url: https://api.coindcx.com
2025-07-23 21:09:05 - INFO - [Long Swing] Generated SHORT signal for B-OP_USDT on 30m - Score: 6/9, Confidence: 0.714, TP: 0.708215, SL: 0.729785
2025-07-23 21:09:05 - INFO - CoinDCXFetcher initialized with public_base_url: https://public.coindcx.com, api_base_url: https://api.coindcx.com
2025-07-23 21:09:05 - INFO - CoinDCXFetcher initialized with public_base_url: https://public.coindcx.com, api_base_url: https://api.coindcx.com
2025-07-23 21:09:05 - INFO - [Long Swing] Generated SHORT signal for B-PIPPIN_USDT on 1h - Score: 7/9, Confidence: 0.719, TP: 0.019188, SL: 0.019772
2025-07-23 21:09:05 - INFO - [Long Swing] Generated SHORT signal for B-ARB_USDT on 30m - Score: 7/9, Confidence: 0.744, TP: 0.433893, SL: 0.447107
2025-07-23 21:09:06 - INFO - CoinDCXFetcher initialized with public_base_url: https://public.coindcx.com, api_base_url: https://api.coindcx.com
2025-07-23 21:09:06 - INFO - CoinDCXFetcher initialized with public_base_url: https://public.coindcx.com, api_base_url: https://api.coindcx.com
2025-07-23 21:09:06 - INFO - CoinDCXFetcher initialized with public_base_url: https://public.coindcx.com, api_base_url: https://api.coindcx.com
2025-07-23 21:09:06 - INFO - [Long Swing] Generated SHORT signal for B-ENA_USDT on 1h - Score: 6/9, Confidence: 0.664, TP: 0.450145, SL: 0.463855
2025-07-23 21:09:07 - INFO - CoinDCXFetcher initialized with public_base_url: https://public.coindcx.com, api_base_url: https://api.coindcx.com
2025-07-23 21:09:08 - INFO - [Long Swing] Generated LONG signal for B-VOXEL_USDT on 1h - Score: 8/9, Confidence: 0.869, TP: 0.062240, SL: 0.060400
2025-07-23 21:09:08 - INFO - CoinDCXFetcher initialized with public_base_url: https://public.coindcx.com, api_base_url: https://api.coindcx.com
2025-07-23 21:09:09 - INFO - CoinDCXFetcher initialized with public_base_url: https://public.coindcx.com, api_base_url: https://api.coindcx.com
2025-07-23 21:09:13 - INFO - [Long Swing] Generated SHORT signal for B-VIRTUAL_USDT on 1h - Score: 6/9, Confidence: 0.664, TP: 1.721386, SL: 1.773814
2025-07-23 21:09:13 - INFO - [Long Swing] Generated SHORT signal for B-OP_USDT on 1h - Score: 6/9, Confidence: 0.714, TP: 0.708018, SL: 0.729582
2025-07-23 21:09:13 - INFO - [Long Swing] Generated SHORT signal for B-ARB_USDT on 1h - Score: 6/9, Confidence: 0.689, TP: 0.433991, SL: 0.447209
2025-07-23 21:09:14 - INFO - CoinDCXFetcher initialized with public_base_url: https://public.coindcx.com, api_base_url: https://api.coindcx.com
2025-07-23 21:09:14 - INFO - CoinDCXFetcher initialized with public_base_url: https://public.coindcx.com, api_base_url: https://api.coindcx.com
2025-07-23 21:09:36 - INFO - [Scalping] Generated STRONG signal (score 9/9): {'symbol': 'B-ONE_USDT', 'timeframe': '5m', 'strategy': 'scalping', 'direction': 'TradeDirection.SHORT', 'entry_price': 0.01208, 'stop_loss': 0.0122612, 'take_profit': 0.011898800000000001, 'tp1': 0.011898800000000001, 'tp2': 0.011898800000000001, 'max_hold_time': 2, 'score': 11, 'score_max': 17, 'score_reasons': ['EMA20 < EMA50 (clear trend)', 'Price < EMA20', 'RSI optimal bearish (35-55)', 'MACD negative + momentum', 'Price < VWAP', 'Multi-timeframe trend bearish', 'Price < EMA100', 'OBV falling', 'Multi-timeframe trend bearish', 'Entry near Fib 38.2% level', 'Entry near Fib 61.8% level'], 'indicators': {'rsi': 35.89743589743583, 'ema_20': 0.012092765486818889, 'ema_50': 0.01219857944027775, 'macd': -4.254281882086833e-05, 'bollinger_upper': 0.0121904947366939, 'bollinger_lower': 0.011990505263306101, 'vwap_daily': 0.012829043174330784, 'volume_ok': False, 'stoch_rsi_k': 0.08834134615384574, 'stoch_rsi_d': 0.26494320414578826, 'atr': 5.785714285714273e-05, 'multi_timeframe_trend': 'strong_bearish', 'trend_strength': 0.875, 'ema_100': 0.012346479482741349, 'supertrend': {'supertrend': 0.011516999999999998, 'in_uptrend': True}, 'adx': {'adx': 24.599567646137025, 'di_plus': 12.34567901234563, 'di_minus': 28.39506172839525}, 'obv': -53123458.0, 'cci': -24.382991376747924, 'momentum_osc': 0.0, 'keltner_upper': 0.012236277371286575, 'keltner_lower': 0.011950277371286577, 'fib_levels': {'0.0%': 0.01221, '23.6%': 0.01215572, '38.2%': 0.01212214, '50.0%': 0.012095, '61.8%': 0.01206786, '78.6%': 0.01202922, '100.0%': 0.01198}}, 'timestamp': '2025-07-23T21:09:36.309941+05:30', 'estimated_profit_inr': 1000.0, 'confidence': 0.9375, 'quality_score': 227.5, 'normalized_score': 98.91304347826086, 'side': 'short', 'bonus_score': 2, 'bonus_reasons': ['Entry near Fib 38.2% level', 'Entry near Fib 61.8% level']}
2025-07-23 21:09:38 - INFO - CoinDCXFetcher initialized with public_base_url: https://public.coindcx.com, api_base_url: https://api.coindcx.com
2025-07-23 21:09:40 - INFO - CoinDCXFetcher initialized with public_base_url: https://public.coindcx.com, api_base_url: https://api.coindcx.com
2025-07-23 21:09:40 - INFO - CoinDCXFetcher initialized with public_base_url: https://public.coindcx.com, api_base_url: https://api.coindcx.com
2025-07-23 21:09:44 - INFO - [Scalping] Generated STRONG signal (score 8/9): {'symbol': 'B-W_USDT', 'timeframe': '5m', 'strategy': 'scalping', 'direction': 'TradeDirection.SHORT', 'entry_price': 0.08601, 'stop_loss': 0.08730014999999999, 'take_profit': 0.08471985, 'tp1': 0.08471985, 'tp2': 0.08471985, 'max_hold_time': 2, 'score': 10, 'score_max': 17, 'score_reasons': ['EMA20 < EMA50 (clear trend)', 'RSI optimal bearish (35-55)', 'MACD negative + momentum', 'Volume > average', 'Price < VWAP', 'ADX > 25 and DI- > DI+', 'Price < EMA100', 'OBV falling', 'Momentum Oscillator positive (bullish)', 'Entry near Fib 38.2% level'], 'indicators': {'rsi': 49.342105263157684, 'ema_20': 0.0858069514294019, 'ema_50': 0.0867994236040831, 'macd': -0.00033357006472940764, 'bollinger_upper': 0.08630135304036574, 'bollinger_lower': 0.08506064695963428, 'vwap_daily': 0.09306533395352858, 'volume_ok': True, 'stoch_rsi_k': 0.3406658951052622, 'stoch_rsi_d': 0.35844200912741697, 'atr': 0.00044071428571428435, 'multi_timeframe_trend': 'neutral', 'trend_strength': 0.75, 'ema_100': 0.08820815557951715, 'supertrend': {'supertrend': 0.08198000000000001, 'in_uptrend': True}, 'adx': {'adx': 27.435398071362332, 'di_plus': 17.504051863857615, 'di_minus': 23.33873581847652}, 'obv': -19874285.6999997, 'cci': 74.75317348378051, 'momentum_osc': 0.0005199999999999927, 'keltner_upper': 0.08680905334304692, 'keltner_lower': 0.08479305334304693, 'fib_levels': {'0.0%': 0.08635, '23.6%': 0.0859724, '38.2%': 0.0857388, '50.0%': 0.08555, '61.8%': 0.0853612, '78.6%': 0.0850924, '100.0%': 0.08475}}, 'timestamp': '2025-07-23T21:09:44.517344+05:30', 'estimated_profit_inr': 1000.0, 'confidence': 0.875, 'quality_score': 205.0, 'normalized_score': 89.13043478260869, 'side': 'short', 'bonus_score': 2, 'bonus_reasons': ['Momentum Oscillator positive (bullish)', 'Entry near Fib 38.2% level']}
2025-07-23 21:09:45 - INFO - CoinDCXFetcher initialized with public_base_url: https://public.coindcx.com, api_base_url: https://api.coindcx.com
2025-07-23 21:09:46 - INFO - [Scalping] Generated signal (score 7/9): {'symbol': 'B-TON_USDT', 'timeframe': '5m', 'strategy': 'scalping', 'direction': 'TradeDirection.SHORT', 'entry_price': 3.1836, 'stop_loss': 3.231354, 'take_profit': 3.1358460000000004, 'tp1': 3.1358460000000004, 'tp2': 3.1358460000000004, 'max_hold_time': 2, 'score': 9, 'score_max': 17, 'score_reasons': ['EMA20 < EMA50 (clear trend)', 'RSI optimal bearish (35-55)', 'MACD negative + momentum', 'Price < VWAP', 'ADX > 25 and DI- > DI+', 'Price < EMA100', 'OBV falling', 'Momentum Oscillator positive (bullish)', 'Entry near Fib 38.2% level'], 'indicators': {'rsi': 45.98737601442758, 'ema_20': 3.181053559574041, 'ema_50': 3.211963491100434, 'macd': -0.012153923067250272, 'bollinger_upper': 3.200026916499087, 'bollinger_lower': 3.155643083500913, 'vwap_daily': 3.32817387994138, 'volume_ok': False, 'stoch_rsi_k': 0.20179401709101974, 'stoch_rsi_d': 0.20745653895109553, 'atr': 0.013564285714285664, 'multi_timeframe_trend': 'neutral', 'trend_strength': 0.75, 'ema_100': 3.244603084101983, 'supertrend': {'supertrend': 3.06097, 'in_uptrend': True}, 'adx': {'adx': 29.24987852467452, 'di_plus': 19.483938915218335, 'di_minus': 26.066350710900387}, 'obv': -33324332.200000014, 'cci': 47.059779737475075, 'momentum_osc': 0.009400000000000297, 'keltner_upper': 3.2102194827032573, 'keltner_lower': 3.1516794827032575, 'fib_levels': {'0.0%': 3.1997, '23.6%': 3.1871448, '38.2%': 3.1793776, '50.0%': 3.1731, '61.8%': 3.1668224, '78.6%': 3.1578848, '100.0%': 3.1465}}, 'timestamp': '2025-07-23T21:09:46.354610+05:30', 'estimated_profit_inr': 1000.0, 'confidence': 0.8125, 'quality_score': 188.75, 'normalized_score': 82.06521739130434, 'side': 'short', 'bonus_score': 2, 'bonus_reasons': ['Momentum Oscillator positive (bullish)', 'Entry near Fib 38.2% level']}
2025-07-23 21:09:47 - INFO - CoinDCXFetcher initialized with public_base_url: https://public.coindcx.com, api_base_url: https://api.coindcx.com
2025-07-23 21:09:47 - INFO - [Scalping] Generated signal (score 7/9): {'symbol': 'B-HEI_USDT', 'timeframe': '5m', 'strategy': 'scalping', 'direction': 'TradeDirection.SHORT', 'entry_price': 0.3913, 'stop_loss': 0.39716949999999995, 'take_profit': 0.38543049999999995, 'tp1': 0.38543049999999995, 'tp2': 0.38543049999999995, 'max_hold_time': 2, 'score': 9, 'score_max': 17, 'score_reasons': ['EMA20 < EMA50 (clear trend)', 'Price < EMA20', 'RSI optimal bearish (35-55)', 'MACD negative + momentum', 'Price < VWAP', 'Price < EMA100', 'OBV falling', 'Momentum Oscillator negative (bearish)', 'Entry near Fib 38.2% level'], 'indicators': {'rsi': 35.15151515151517, 'ema_20': 0.3917415175298102, 'ema_50': 0.3962929202975956, 'macd': -0.0018580312786755648, 'bollinger_upper': 0.39745681123293963, 'bollinger_lower': 0.3854131887670603, 'vwap_daily': 0.39138051858033884, 'volume_ok': False, 'stoch_rsi_k': 0.13996642769912404, 'stoch_rsi_d': 0.30576175890193236, 'atr': 0.002671428571428567, 'multi_timeframe_trend': 'weak_bearish', 'trend_strength': 0.45000000000000007, 'ema_100': 0.40191792177916125, 'supertrend': {'supertrend': 0.35968999999999995, 'in_uptrend': True}, 'adx': {'adx': 18.506074042898057, 'di_plus': 16.042780748663144, 'di_minus': 22.459893048128283}, 'obv': -12679121.899999982, 'cci': -6.117834818461592, 'momentum_osc': -0.0050000000000000044, 'keltner_upper': 0.39755671643406915, 'keltner_lower': 0.3860567164340692, 'fib_levels': {'0.0%': 0.397, '23.6%': 0.3940264, '38.2%': 0.3921868, '50.0%': 0.39070000000000005, '61.8%': 0.38921320000000004, '78.6%': 0.3870964, '100.0%': 0.3844}}, 'timestamp': '2025-07-23T21:09:47.547238+05:30', 'estimated_profit_inr': 1000.0, 'confidence': 0.6625000000000001, 'quality_score': 158.75, 'normalized_score': 69.02173913043478, 'side': 'short', 'bonus_score': 2, 'bonus_reasons': ['Momentum Oscillator negative (bearish)', 'Entry near Fib 38.2% level']}
2025-07-23 21:09:47 - INFO - [Scalping] Generated signal (score 7/9): {'symbol': 'B-AIXBT_USDT', 'timeframe': '5m', 'strategy': 'scalping', 'direction': 'TradeDirection.SHORT', 'entry_price': 0.15889, 'stop_loss': 0.16127334999999998, 'take_profit': 0.15650665, 'tp1': 0.15650665, 'tp2': 0.15650665, 'max_hold_time': 2, 'score': 10, 'score_max': 17, 'score_reasons': ['EMA20 < EMA50 (clear trend)', 'Price < EMA20', 'RSI optimal bearish (35-55)', 'MACD negative + momentum', 'Price < VWAP', 'Price < EMA100', 'OBV falling', 'Momentum Oscillator negative (bearish)', 'Entry near Fib 38.2% level', 'Entry near Fib 61.8% level'], 'indicators': {'rsi': 40.8878504672897, 'ema_20': 0.15927527569329952, 'ema_50': 0.16125297077058579, 'macd': -0.0008650128834466198, 'bollinger_upper': 0.1613218752520846, 'bollinger_lower': 0.15718112474791543, 'vwap_daily': 0.17071040769523974, 'volume_ok': False, 'stoch_rsi_k': 0.14852329739635653, 'stoch_rsi_d': 0.23361349815306717, 'atr': 0.001190714285714285, 'multi_timeframe_trend': 'weak_bearish', 'trend_strength': 0.5750000000000001, 'ema_100': 0.1637332000553944, 'supertrend': {'supertrend': 0.14781800000000003, 'in_uptrend': True}, 'adx': {'adx': 23.664098567918618, 'di_plus': 15.416916616676607, 'di_minus': 27.474505098980224}, 'obv': -356777413.0, 'cci': -42.64401425735662, 'momentum_osc': -0.00043999999999999595, 'keltner_upper': 0.16198286570327552, 'keltner_lower': 0.15659886570327552, 'fib_levels': {'0.0%': 0.16121, '23.6%': 0.16014564, '38.2%': 0.15948718, '50.0%': 0.158955, '61.8%': 0.15842282, '78.6%': 0.15766514, '100.0%': 0.1567}}, 'timestamp': '2025-07-23T21:09:47.555002+05:30', 'estimated_profit_inr': 1000.0, 'confidence': 0.7250000000000001, 'quality_score': 171.25, 'normalized_score': 74.45652173913044, 'side': 'short', 'bonus_score': 3, 'bonus_reasons': ['Momentum Oscillator negative (bearish)', 'Entry near Fib 38.2% level', 'Entry near Fib 61.8% level']}
2025-07-23 21:09:48 - INFO - CoinDCXFetcher initialized with public_base_url: https://public.coindcx.com, api_base_url: https://api.coindcx.com
2025-07-23 21:09:48 - INFO - CoinDCXFetcher initialized with public_base_url: https://public.coindcx.com, api_base_url: https://api.coindcx.com
2025-07-23 21:09:51 - INFO - CoinDCXFetcher initialized with public_base_url: https://public.coindcx.com, api_base_url: https://api.coindcx.com
2025-07-23 21:09:51 - INFO - CoinDCXFetcher initialized with public_base_url: https://public.coindcx.com, api_base_url: https://api.coindcx.com
2025-07-23 21:09:51 - INFO - CoinDCXFetcher initialized with public_base_url: https://public.coindcx.com, api_base_url: https://api.coindcx.com
2025-07-23 21:09:52 - INFO - CoinDCXFetcher initialized with public_base_url: https://public.coindcx.com, api_base_url: https://api.coindcx.com
2025-07-23 21:09:55 - INFO - CoinDCXFetcher initialized with public_base_url: https://public.coindcx.com, api_base_url: https://api.coindcx.com
2025-07-23 21:09:57 - INFO - CoinDCXFetcher initialized with public_base_url: https://public.coindcx.com, api_base_url: https://api.coindcx.com
2025-07-23 21:09:57 - INFO - CoinDCXFetcher initialized with public_base_url: https://public.coindcx.com, api_base_url: https://api.coindcx.com
2025-07-23 21:10:07 - INFO - CoinDCXFetcher initialized with public_base_url: https://public.coindcx.com, api_base_url: https://api.coindcx.com
2025-07-23 21:10:08 - INFO - [Swing] Skipping B-HEI_USDT due to low liquidity (avg_volume=39733.15 < 100000)
2025-07-23 21:10:09 - INFO - CoinDCXFetcher initialized with public_base_url: https://public.coindcx.com, api_base_url: https://api.coindcx.com
2025-07-23 21:10:09 - INFO - CoinDCXFetcher initialized with public_base_url: https://public.coindcx.com, api_base_url: https://api.coindcx.com
2025-07-23 21:10:09 - INFO - CoinDCXFetcher initialized with public_base_url: https://public.coindcx.com, api_base_url: https://api.coindcx.com
2025-07-23 21:10:14 - INFO - CoinDCXFetcher initialized with public_base_url: https://public.coindcx.com, api_base_url: https://api.coindcx.com
2025-07-23 21:10:18 - INFO - CoinDCXFetcher initialized with public_base_url: https://public.coindcx.com, api_base_url: https://api.coindcx.com
2025-07-23 21:10:21 - INFO - [Long Swing] Generated SHORT signal for B-ONE_USDT on 30m - Score: 6/9, Confidence: 0.714, TP: 0.011899, SL: 0.012261
2025-07-23 21:10:21 - INFO - [Long Swing] Generated SHORT signal for B-HBAR_USDT on 30m - Score: 7/9, Confidence: 0.744, TP: 0.248535, SL: 0.256105
2025-07-23 21:10:21 - INFO - CoinDCXFetcher initialized with public_base_url: https://public.coindcx.com, api_base_url: https://api.coindcx.com
2025-07-23 21:10:21 - INFO - CoinDCXFetcher initialized with public_base_url: https://public.coindcx.com, api_base_url: https://api.coindcx.com
2025-07-23 21:10:21 - INFO - CoinDCXFetcher initialized with public_base_url: https://public.coindcx.com, api_base_url: https://api.coindcx.com
2025-07-23 21:10:21 - INFO - CoinDCXFetcher initialized with public_base_url: https://public.coindcx.com, api_base_url: https://api.coindcx.com
2025-07-23 21:10:21 - INFO - CoinDCXFetcher initialized with public_base_url: https://public.coindcx.com, api_base_url: https://api.coindcx.com
2025-07-23 21:10:22 - INFO - [Long Swing] Generated SHORT signal for B-W_USDT on 30m - Score: 6/9, Confidence: 0.689, TP: 0.084671, SL: 0.087249
2025-07-23 21:10:22 - INFO - CoinDCXFetcher initialized with public_base_url: https://public.coindcx.com, api_base_url: https://api.coindcx.com
2025-07-23 21:10:23 - INFO - CoinDCXFetcher initialized with public_base_url: https://public.coindcx.com, api_base_url: https://api.coindcx.com
2025-07-23 21:10:25 - INFO - [Long Swing] Generated SHORT signal for B-ONE_USDT on 1h - Score: 6/9, Confidence: 0.714, TP: 0.011899, SL: 0.012261
2025-07-23 21:10:25 - INFO - [Long Swing] Generated SHORT signal for B-HBAR_USDT on 1h - Score: 7/9, Confidence: 0.744, TP: 0.248703, SL: 0.256277
2025-07-23 21:10:25 - INFO - [Long Swing] Generated SHORT signal for B-OM_USDT on 1h - Score: 6/9, Confidence: 0.664, TP: 0.278292, SL: 0.286768
2025-07-23 21:10:25 - INFO - [Long Swing] Generated SHORT signal for B-AIXBT_USDT on 30m - Score: 6/9, Confidence: 0.714, TP: 0.156635, SL: 0.161405
2025-07-23 21:10:26 - INFO - CoinDCXFetcher initialized with public_base_url: https://public.coindcx.com, api_base_url: https://api.coindcx.com
2025-07-23 21:10:26 - INFO - [Long Swing] Generated SHORT signal for B-W_USDT on 1h - Score: 6/9, Confidence: 0.689, TP: 0.084680, SL: 0.087260
2025-07-23 21:10:28 - INFO - [Long Swing] Generated SHORT signal for B-AIXBT_USDT on 1h - Score: 7/9, Confidence: 0.769, TP: 0.156684, SL: 0.161456
2025-07-23 21:10:28 - INFO - Generated 12 profitable signals (mix of scalping, swing, and long_swing) from 15 top movers
2025-07-23 21:10:28 - INFO - 1. B-HBAR_USDT - long_swing (1h): Score 10, Normalized 142.9%, Confidence 0.515, Est. Profit ₹20543.12
2025-07-23 21:10:28 - INFO - 2. B-AIXBT_USDT - long_swing (1h): Score 9, Normalized 128.6%, Confidence 0.480, Est. Profit ₹20408.85
2025-07-23 21:10:28 - INFO - 3. B-VOXEL_USDT - long_swing (1h): Score 9, Normalized 128.6%, Confidence 0.660, Est. Profit ₹19202.87
2025-07-23 21:10:28 - INFO - 4. B-HBAR_USDT - long_swing (30m): Score 10, Normalized 142.9%, Confidence 0.448, Est. Profit ₹18586.63
2025-07-23 21:10:28 - INFO - 5. B-PIPPIN_USDT - long_swing (1h): Score 8, Normalized 114.3%, Confidence 0.440, Est. Profit ₹17831.24
2025-07-23 21:10:28 - INFO - 6. B-VOXEL_USDT - swing (5m): Score 8, Normalized 114.3%, Confidence 0.578, Est. Profit ₹17831.24
2025-07-23 21:10:28 - INFO - 7. B-ARB_USDT - long_swing (1h): Score 9, Normalized 128.6%, Confidence 0.384, Est. Profit ₹17347.52
2025-07-23 21:10:28 - INFO - 8. B-PIPPIN_USDT - swing (5m): Score 8, Normalized 114.3%, Confidence 0.460, Est. Profit ₹17137.57
2025-07-23 21:10:28 - INFO - 9. B-OP_USDT - scalping (5m): Score 12, Normalized 171.4%, Confidence 0.800, Est. Profit ₹2042.97
2025-07-23 21:10:28 - INFO - 10. B-VIRTUAL_USDT - scalping (5m): Score 12, Normalized 171.4%, Confidence 0.800, Est. Profit ₹2042.97
2025-07-23 21:10:28 - INFO - 11. B-PIPPIN_USDT - scalping (5m): Score 11, Normalized 157.1%, Confidence 0.800, Est. Profit ₹1738.80
2025-07-23 21:10:28 - INFO - 12. B-SYN_USDT - scalping (5m): Score 9, Normalized 128.6%, Confidence 0.581, Est. Profit ₹1682.45
2025-07-23 21:10:28 - INFO - Added high-profit signal to monitoring: B-HBAR_USDT_long_swing_2025-07-23 21:10:25.612736+05:30 (Est. Profit: ₹20543.12)
2025-07-23 21:10:28 - INFO - Added signal to monitoring: B-AIXBT_USDT_long_swing_2025-07-23 21:10:28.422498+05:30
2025-07-23 21:10:29 - INFO - Added high-profit signal to monitoring: B-VOXEL_USDT_long_swing_2025-07-23 21:09:08.093029+05:30 (Est. Profit: ₹19202.87)
2025-07-23 21:10:29 - INFO - Added signal to monitoring: B-HBAR_USDT_long_swing_2025-07-23 21:10:21.201146+05:30
2025-07-23 21:10:29 - INFO - Added signal to monitoring: B-PIPPIN_USDT_long_swing_2025-07-23 21:09:05.503224+05:30
2025-07-23 21:10:29 - INFO - Added high-profit signal to monitoring: B-VOXEL_USDT_swing_2025-07-23 21:08:50.805524+05:30 (Est. Profit: ₹17831.24)
2025-07-23 21:10:30 - INFO - Added signal to monitoring: B-ARB_USDT_long_swing_2025-07-23 21:09:13.129831+05:30
2025-07-23 21:10:30 - INFO - Added signal to monitoring: B-PIPPIN_USDT_swing_2025-07-23 21:08:42.474651+05:30
2025-07-23 21:10:30 - INFO - Added high-profit signal to monitoring: B-OP_USDT_scalping_2025-07-23 21:08:19.474957+05:30 (Est. Profit: ₹2042.97)
2025-07-23 21:10:30 - INFO - Added high-profit signal to monitoring: B-VIRTUAL_USDT_scalping_2025-07-23 21:08:19.551896+05:30 (Est. Profit: ₹2042.97)
2025-07-23 21:10:31 - INFO - Added high-profit signal to monitoring: B-PIPPIN_USDT_scalping_2025-07-23 21:08:02.336756+05:30 (Est. Profit: ₹1738.80)
2025-07-23 21:10:31 - INFO - Added high-profit signal to monitoring: B-SYN_USDT_scalping_2025-07-23 21:08:19.527424+05:30 (Est. Profit: ₹1682.45)
2025-07-23 21:10:31 - INFO - Monitoring data saved to latest_monitoring_data.json with 12 active signals
2025-07-23 21:10:31 - INFO - Generated 12 signals, saved to latest_signals.json
2025-07-23 21:10:31 - INFO - SIGNAL: B-HBAR_USDT SHORT long_swing - Score: 10
2025-07-23 21:10:31 - INFO - SIGNAL: B-AIXBT_USDT SHORT long_swing - Score: 9
2025-07-23 21:10:31 - INFO - SIGNAL: B-VOXEL_USDT LONG long_swing - Score: 9
2025-07-23 21:10:31 - INFO - SIGNAL: B-HBAR_USDT SHORT long_swing - Score: 10
2025-07-23 21:10:31 - INFO - SIGNAL: B-PIPPIN_USDT SHORT long_swing - Score: 8
2025-07-23 21:10:31 - INFO - SIGNAL: B-VOXEL_USDT LONG swing - Score: 8
2025-07-23 21:10:31 - INFO - SIGNAL: B-ARB_USDT SHORT long_swing - Score: 9
2025-07-23 21:10:31 - INFO - SIGNAL: B-PIPPIN_USDT SHORT swing - Score: 8
2025-07-23 21:10:31 - INFO - SIGNAL: B-OP_USDT SHORT scalping - Score: 12
2025-07-23 21:10:31 - INFO - SIGNAL: B-VIRTUAL_USDT SHORT scalping - Score: 12
2025-07-23 21:10:31 - INFO - SIGNAL: B-PIPPIN_USDT SHORT scalping - Score: 11
2025-07-23 21:10:31 - INFO - SIGNAL: B-SYN_USDT SHORT scalping - Score: 9
2025-07-23 21:10:31 - INFO - === Trading Bot execution completed ===
